d:\documents\아주대학교\전공\2021-2 [3-2]\전자공학운영체계\hw3\edf_scheduler_homework\evalboards\microsoft\windows\os2\visual studio\debug\vc141.pdb
d:\documents\아주대학교\전공\2021-2 [3-2]\전자공학운영체계\hw3\edf_scheduler_homework\evalboards\microsoft\windows\os2\visual studio\debug\vc141.idb
d:\documents\아주대학교\전공\2021-2 [3-2]\전자공학운영체계\hw3\edf_scheduler_homework\evalboards\microsoft\windows\os2\visual studio\debug\cpu_bsp.obj
d:\documents\아주대학교\전공\2021-2 [3-2]\전자공학운영체계\hw3\edf_scheduler_homework\evalboards\microsoft\windows\os2\visual studio\debug\bsp.obj
d:\documents\아주대학교\전공\2021-2 [3-2]\전자공학운영체계\hw3\edf_scheduler_homework\evalboards\microsoft\windows\os2\visual studio\debug\os_tmr.obj
d:\documents\아주대학교\전공\2021-2 [3-2]\전자공학운영체계\hw3\edf_scheduler_homework\evalboards\microsoft\windows\os2\visual studio\debug\os_time.obj
d:\documents\아주대학교\전공\2021-2 [3-2]\전자공학운영체계\hw3\edf_scheduler_homework\evalboards\microsoft\windows\os2\visual studio\debug\os_task.obj
d:\documents\아주대학교\전공\2021-2 [3-2]\전자공학운영체계\hw3\edf_scheduler_homework\evalboards\microsoft\windows\os2\visual studio\debug\os_sem.obj
d:\documents\아주대학교\전공\2021-2 [3-2]\전자공학운영체계\hw3\edf_scheduler_homework\evalboards\microsoft\windows\os2\visual studio\debug\os_q.obj
d:\documents\아주대학교\전공\2021-2 [3-2]\전자공학운영체계\hw3\edf_scheduler_homework\evalboards\microsoft\windows\os2\visual studio\debug\os_mutex.obj
d:\documents\아주대학교\전공\2021-2 [3-2]\전자공학운영체계\hw3\edf_scheduler_homework\evalboards\microsoft\windows\os2\visual studio\debug\os_mem.obj
d:\documents\아주대학교\전공\2021-2 [3-2]\전자공학운영체계\hw3\edf_scheduler_homework\evalboards\microsoft\windows\os2\visual studio\debug\os_mbox.obj
d:\documents\아주대학교\전공\2021-2 [3-2]\전자공학운영체계\hw3\edf_scheduler_homework\evalboards\microsoft\windows\os2\visual studio\debug\os_flag.obj
d:\documents\아주대학교\전공\2021-2 [3-2]\전자공학운영체계\hw3\edf_scheduler_homework\evalboards\microsoft\windows\os2\visual studio\debug\os_dbg_r.obj
d:\documents\아주대학교\전공\2021-2 [3-2]\전자공학운영체계\hw3\edf_scheduler_homework\evalboards\microsoft\windows\os2\visual studio\debug\os_core.obj
d:\documents\아주대학교\전공\2021-2 [3-2]\전자공학운영체계\hw3\edf_scheduler_homework\evalboards\microsoft\windows\os2\visual studio\debug\os_cpu_c.obj
d:\documents\아주대학교\전공\2021-2 [3-2]\전자공학운영체계\hw3\edf_scheduler_homework\evalboards\microsoft\windows\os2\visual studio\debug\lib_str.obj
d:\documents\아주대학교\전공\2021-2 [3-2]\전자공학운영체계\hw3\edf_scheduler_homework\evalboards\microsoft\windows\os2\visual studio\debug\lib_mem.obj
d:\documents\아주대학교\전공\2021-2 [3-2]\전자공학운영체계\hw3\edf_scheduler_homework\evalboards\microsoft\windows\os2\visual studio\debug\lib_math.obj
d:\documents\아주대학교\전공\2021-2 [3-2]\전자공학운영체계\hw3\edf_scheduler_homework\evalboards\microsoft\windows\os2\visual studio\debug\lib_ascii.obj
d:\documents\아주대학교\전공\2021-2 [3-2]\전자공학운영체계\hw3\edf_scheduler_homework\evalboards\microsoft\windows\os2\visual studio\debug\cpu_c.obj
d:\documents\아주대학교\전공\2021-2 [3-2]\전자공학운영체계\hw3\edf_scheduler_homework\evalboards\microsoft\windows\os2\visual studio\debug\cpu_core.obj
d:\documents\아주대학교\전공\2021-2 [3-2]\전자공학운영체계\hw3\edf_scheduler_homework\evalboards\microsoft\windows\os2\visual studio\debug\app_hooks.obj
d:\documents\아주대학교\전공\2021-2 [3-2]\전자공학운영체계\hw3\edf_scheduler_homework\evalboards\microsoft\windows\os2\visual studio\debug\app.obj
d:\documents\아주대학교\전공\2021-2 [3-2]\전자공학운영체계\hw3\edf_scheduler_homework\evalboards\microsoft\windows\os2\visual studio\debug\os2.exe
d:\documents\아주대학교\전공\2021-2 [3-2]\전자공학운영체계\hw3\edf_scheduler_homework\evalboards\microsoft\windows\os2\visual studio\debug\os2.ilk
d:\documents\아주대학교\전공\2021-2 [3-2]\전자공학운영체계\hw3\edf_scheduler_homework\evalboards\microsoft\windows\os2\visual studio\debug\os2.pdb
d:\documents\아주대학교\전공\2021-2 [3-2]\전자공학운영체계\hw3\edf_scheduler_homework\evalboards\microsoft\windows\os2\visual studio\debug\os2.tlog\cl.command.1.tlog
d:\documents\아주대학교\전공\2021-2 [3-2]\전자공학운영체계\hw3\edf_scheduler_homework\evalboards\microsoft\windows\os2\visual studio\debug\os2.tlog\cl.read.1.tlog
d:\documents\아주대학교\전공\2021-2 [3-2]\전자공학운영체계\hw3\edf_scheduler_homework\evalboards\microsoft\windows\os2\visual studio\debug\os2.tlog\cl.write.1.tlog
d:\documents\아주대학교\전공\2021-2 [3-2]\전자공학운영체계\hw3\edf_scheduler_homework\evalboards\microsoft\windows\os2\visual studio\debug\os2.tlog\link.command.1.tlog
d:\documents\아주대학교\전공\2021-2 [3-2]\전자공학운영체계\hw3\edf_scheduler_homework\evalboards\microsoft\windows\os2\visual studio\debug\os2.tlog\link.read.1.tlog
d:\documents\아주대학교\전공\2021-2 [3-2]\전자공학운영체계\hw3\edf_scheduler_homework\evalboards\microsoft\windows\os2\visual studio\debug\os2.tlog\link.write.1.tlog
